[0.912s] Invoking command in '/home/user/ros2_ws/src/bug0': PYTHONPATH=/home/user/ros2_ws/src/bug0/build/bug0/prefix_override:/usr/lib/python3/dist-packages/colcon_core/task/python/colcon_distutils_commands:/home/user/ros2_ws/src/bug0/install/bug0/lib/python3.10/site-packages:${PYTHONPATH} _=/usr/bin/env /usr/bin/python3 -W ignore:setup.py install is deprecated -W ignore:easy_install command is deprecated setup.py egg_info --egg-base build/bug0 build --build-base /home/user/ros2_ws/src/bug0/build/bug0/build install --record /home/user/ros2_ws/src/bug0/build/bug0/install.log --single-version-externally-managed install_data
[1.125s] /usr/local/lib/python3.10/dist-packages/setuptools/_distutils/dist.py:289: UserWarning: Unknown distribution option: 'tests_require'
[1.126s]   warnings.warn(msg)
[1.246s] running egg_info
[1.266s] creating build/bug0/bug0.egg-info
[1.266s] writing build/bug0/bug0.egg-info/PKG-INFO
[1.266s] writing dependency_links to build/bug0/bug0.egg-info/dependency_links.txt
[1.266s] writing entry points to build/bug0/bug0.egg-info/entry_points.txt
[1.267s] writing requirements to build/bug0/bug0.egg-info/requires.txt
[1.267s] writing top-level names to build/bug0/bug0.egg-info/top_level.txt
[1.267s] writing manifest file 'build/bug0/bug0.egg-info/SOURCES.txt'
[1.308s] reading manifest file 'build/bug0/bug0.egg-info/SOURCES.txt'
[1.309s] writing manifest file 'build/bug0/bug0.egg-info/SOURCES.txt'
[1.309s] running build
[1.309s] running build_py
[1.309s] creating /home/user/ros2_ws/src/bug0/build/bug0/build/lib/bug0
[1.310s] copying bug0/__init__.py -> /home/user/ros2_ws/src/bug0/build/bug0/build/lib/bug0
[1.310s] copying bug0/BUG_move.py -> /home/user/ros2_ws/src/bug0/build/bug0/build/lib/bug0
[1.310s] running install
[1.315s] running install_lib
[1.334s] creating /home/user/ros2_ws/src/bug0/install/bug0/lib/python3.10/site-packages/bug0
[1.334s] copying /home/user/ros2_ws/src/bug0/build/bug0/build/lib/bug0/__init__.py -> /home/user/ros2_ws/src/bug0/install/bug0/lib/python3.10/site-packages/bug0
[1.335s] copying /home/user/ros2_ws/src/bug0/build/bug0/build/lib/bug0/BUG_move.py -> /home/user/ros2_ws/src/bug0/install/bug0/lib/python3.10/site-packages/bug0
[1.336s] byte-compiling /home/user/ros2_ws/src/bug0/install/bug0/lib/python3.10/site-packages/bug0/__init__.py to __init__.cpython-310.pyc
[1.336s] byte-compiling /home/user/ros2_ws/src/bug0/install/bug0/lib/python3.10/site-packages/bug0/BUG_move.py to BUG_move.cpython-310.pyc
[1.338s] running install_data
[1.338s] creating /home/user/ros2_ws/src/bug0/install/bug0/share/ament_index/resource_index/packages
[1.338s] copying resource/bug0 -> /home/user/ros2_ws/src/bug0/install/bug0/share/ament_index/resource_index/packages
[1.339s] copying package.xml -> /home/user/ros2_ws/src/bug0/install/bug0/share/bug0
[1.339s] copying launch/bug0.launch.py -> /home/user/ros2_ws/src/bug0/install/bug0/share/bug0
[1.339s] copying launch/bug0.launch.py -> /home/user/ros2_ws/src/bug0/install/bug0/share/bug0
[1.339s] running install_egg_info
[1.360s] Copying build/bug0/bug0.egg-info to /home/user/ros2_ws/src/bug0/install/bug0/lib/python3.10/site-packages/bug0-0.0.0-py3.10.egg-info
[1.361s] running install_scripts
[1.535s] Installing bug_move script to /home/user/ros2_ws/src/bug0/install/bug0/lib/bug0
[1.535s] writing list of installed files to '/home/user/ros2_ws/src/bug0/build/bug0/install.log'
[1.565s] Invoked command in '/home/user/ros2_ws/src/bug0' returned '0': PYTHONPATH=/home/user/ros2_ws/src/bug0/build/bug0/prefix_override:/usr/lib/python3/dist-packages/colcon_core/task/python/colcon_distutils_commands:/home/user/ros2_ws/src/bug0/install/bug0/lib/python3.10/site-packages:${PYTHONPATH} _=/usr/bin/env /usr/bin/python3 -W ignore:setup.py install is deprecated -W ignore:easy_install command is deprecated setup.py egg_info --egg-base build/bug0 build --build-base /home/user/ros2_ws/src/bug0/build/bug0/build install --record /home/user/ros2_ws/src/bug0/build/bug0/install.log --single-version-externally-managed install_data
